<?xml version="1.0" encoding="UTF-8"?>
<testsuite xmlns:xsi="http://www.w3.org/2001/XMLSchema-instance" xsi:noNamespaceSchemaLocation="https://maven.apache.org/surefire/maven-surefire-plugin/xsd/surefire-test-report.xsd" name="com.DemoApplicationTests" time="7.701" tests="1" errors="0" skipped="0" failures="0">
  <properties>
    <property name="sun.desktop" value="windows"/>
    <property name="awt.toolkit" value="sun.awt.windows.WToolkit"/>
    <property name="file.encoding.pkg" value="sun.io"/>
    <property name="java.specification.version" value="1.8"/>
    <property name="sun.cpu.isalist" value="amd64"/>
    <property name="sun.jnu.encoding" value="GBK"/>
    <property name="java.class.path" value="F:\DataSource\target\test-classes;F:\DataSource\target\classes;E:\maven_repository\org\springframework\boot\spring-boot-starter-web\2.4.5\spring-boot-starter-web-2.4.5.jar;E:\maven_repository\org\springframework\boot\spring-boot-starter\2.4.5\spring-boot-starter-2.4.5.jar;E:\maven_repository\org\springframework\boot\spring-boot\2.4.5\spring-boot-2.4.5.jar;E:\maven_repository\org\springframework\boot\spring-boot-autoconfigure\2.4.5\spring-boot-autoconfigure-2.4.5.jar;E:\maven_repository\org\yaml\snakeyaml\1.27\snakeyaml-1.27.jar;E:\maven_repository\org\springframework\boot\spring-boot-starter-json\2.4.5\spring-boot-starter-json-2.4.5.jar;E:\maven_repository\com\fasterxml\jackson\core\jackson-databind\2.11.4\jackson-databind-2.11.4.jar;E:\maven_repository\com\fasterxml\jackson\core\jackson-annotations\2.11.4\jackson-annotations-2.11.4.jar;E:\maven_repository\com\fasterxml\jackson\core\jackson-core\2.11.4\jackson-core-2.11.4.jar;E:\maven_repository\com\fasterxml\jackson\datatype\jackson-datatype-jdk8\2.11.4\jackson-datatype-jdk8-2.11.4.jar;E:\maven_repository\com\fasterxml\jackson\datatype\jackson-datatype-jsr310\2.11.4\jackson-datatype-jsr310-2.11.4.jar;E:\maven_repository\com\fasterxml\jackson\module\jackson-module-parameter-names\2.11.4\jackson-module-parameter-names-2.11.4.jar;E:\maven_repository\org\springframework\spring-web\5.3.6\spring-web-5.3.6.jar;E:\maven_repository\org\springframework\spring-beans\5.3.6\spring-beans-5.3.6.jar;E:\maven_repository\org\springframework\spring-webmvc\5.3.6\spring-webmvc-5.3.6.jar;E:\maven_repository\org\springframework\spring-aop\5.3.6\spring-aop-5.3.6.jar;E:\maven_repository\org\springframework\spring-context\5.3.6\spring-context-5.3.6.jar;E:\maven_repository\org\springframework\spring-expression\5.3.6\spring-expression-5.3.6.jar;E:\maven_repository\org\springframework\boot\spring-boot-starter-test\2.4.5\spring-boot-starter-test-2.4.5.jar;E:\maven_repository\org\springframework\boot\spring-boot-test\2.4.5\spring-boot-test-2.4.5.jar;E:\maven_repository\org\springframework\boot\spring-boot-test-autoconfigure\2.4.5\spring-boot-test-autoconfigure-2.4.5.jar;E:\maven_repository\com\jayway\jsonpath\json-path\2.4.0\json-path-2.4.0.jar;E:\maven_repository\net\minidev\json-smart\2.3\json-smart-2.3.jar;E:\maven_repository\net\minidev\accessors-smart\1.2\accessors-smart-1.2.jar;E:\maven_repository\org\ow2\asm\asm\5.0.4\asm-5.0.4.jar;E:\maven_repository\jakarta\xml\bind\jakarta.xml.bind-api\2.3.3\jakarta.xml.bind-api-2.3.3.jar;E:\maven_repository\jakarta\activation\jakarta.activation-api\1.2.2\jakarta.activation-api-1.2.2.jar;E:\maven_repository\org\assertj\assertj-core\3.18.1\assertj-core-3.18.1.jar;E:\maven_repository\org\hamcrest\hamcrest\2.2\hamcrest-2.2.jar;E:\maven_repository\org\junit\jupiter\junit-jupiter\5.7.1\junit-jupiter-5.7.1.jar;E:\maven_repository\org\junit\jupiter\junit-jupiter-api\5.7.1\junit-jupiter-api-5.7.1.jar;E:\maven_repository\org\apiguardian\apiguardian-api\1.1.0\apiguardian-api-1.1.0.jar;E:\maven_repository\org\opentest4j\opentest4j\1.2.0\opentest4j-1.2.0.jar;E:\maven_repository\org\junit\platform\junit-platform-commons\1.7.1\junit-platform-commons-1.7.1.jar;E:\maven_repository\org\junit\jupiter\junit-jupiter-params\5.7.1\junit-jupiter-params-5.7.1.jar;E:\maven_repository\org\junit\jupiter\junit-jupiter-engine\5.7.1\junit-jupiter-engine-5.7.1.jar;E:\maven_repository\org\junit\platform\junit-platform-engine\1.7.1\junit-platform-engine-1.7.1.jar;E:\maven_repository\org\mockito\mockito-core\3.6.28\mockito-core-3.6.28.jar;E:\maven_repository\net\bytebuddy\byte-buddy\1.10.22\byte-buddy-1.10.22.jar;E:\maven_repository\net\bytebuddy\byte-buddy-agent\1.10.22\byte-buddy-agent-1.10.22.jar;E:\maven_repository\org\objenesis\objenesis\3.1\objenesis-3.1.jar;E:\maven_repository\org\mockito\mockito-junit-jupiter\3.6.28\mockito-junit-jupiter-3.6.28.jar;E:\maven_repository\org\skyscreamer\jsonassert\1.5.0\jsonassert-1.5.0.jar;E:\maven_repository\com\vaadin\external\google\android-json\0.0.20131108.vaadin1\android-json-0.0.20131108.vaadin1.jar;E:\maven_repository\org\springframework\spring-core\5.3.6\spring-core-5.3.6.jar;E:\maven_repository\org\springframework\spring-jcl\5.3.6\spring-jcl-5.3.6.jar;E:\maven_repository\org\springframework\spring-test\5.3.6\spring-test-5.3.6.jar;E:\maven_repository\org\xmlunit\xmlunit-core\2.7.0\xmlunit-core-2.7.0.jar;E:\maven_repository\org\springframework\boot\spring-boot-starter-tomcat\2.4.5\spring-boot-starter-tomcat-2.4.5.jar;E:\maven_repository\jakarta\annotation\jakarta.annotation-api\1.3.5\jakarta.annotation-api-1.3.5.jar;E:\maven_repository\org\apache\tomcat\embed\tomcat-embed-core\9.0.45\tomcat-embed-core-9.0.45.jar;E:\maven_repository\org\glassfish\jakarta.el\3.0.3\jakarta.el-3.0.3.jar;E:\maven_repository\org\apache\tomcat\embed\tomcat-embed-websocket\9.0.45\tomcat-embed-websocket-9.0.45.jar;E:\maven_repository\org\apache\httpcomponents\httpclient\4.5.13\httpclient-4.5.13.jar;E:\maven_repository\org\apache\httpcomponents\httpcore\4.4.14\httpcore-4.4.14.jar;E:\maven_repository\commons-codec\commons-codec\1.15\commons-codec-1.15.jar;E:\maven_repository\commons-io\commons-io\2.6\commons-io-2.6.jar;E:\maven_repository\org\apache\commons\commons-lang3\3.7\commons-lang3-3.7.jar;E:\maven_repository\com\alibaba\fastjson\1.2.76\fastjson-1.2.76.jar;E:\maven_repository\org\jsoup\jsoup\1.13.1\jsoup-1.13.1.jar;E:\maven_repository\us\codecraft\webmagic-core\0.7.3\webmagic-core-0.7.3.jar;E:\maven_repository\us\codecraft\xsoup\0.3.1\xsoup-0.3.1.jar;E:\maven_repository\org\slf4j\slf4j-api\1.7.30\slf4j-api-1.7.30.jar;E:\maven_repository\org\slf4j\slf4j-log4j12\1.7.30\slf4j-log4j12-1.7.30.jar;E:\maven_repository\log4j\log4j\1.2.17\log4j-1.2.17.jar;E:\maven_repository\commons-collections\commons-collections\3.2.2\commons-collections-3.2.2.jar;E:\maven_repository\us\codecraft\webmagic-extension\0.7.3\webmagic-extension-0.7.3.jar;E:\maven_repository\redis\clients\jedis\3.3.0\jedis-3.3.0.jar;E:\maven_repository\org\apache\commons\commons-pool2\2.9.0\commons-pool2-2.9.0.jar;E:\maven_repository\us\codecraft\webmagic-selenium\0.7.3\webmagic-selenium-0.7.3.jar;E:\maven_repository\org\seleniumhq\selenium\selenium-java\3.141.59\selenium-java-3.141.59.jar;E:\maven_repository\org\seleniumhq\selenium\selenium-api\3.141.59\selenium-api-3.141.59.jar;E:\maven_repository\org\seleniumhq\selenium\selenium-chrome-driver\3.141.59\selenium-chrome-driver-3.141.59.jar;E:\maven_repository\org\seleniumhq\selenium\selenium-edge-driver\3.141.59\selenium-edge-driver-3.141.59.jar;E:\maven_repository\org\seleniumhq\selenium\selenium-firefox-driver\3.141.59\selenium-firefox-driver-3.141.59.jar;E:\maven_repository\org\seleniumhq\selenium\selenium-ie-driver\3.141.59\selenium-ie-driver-3.141.59.jar;E:\maven_repository\org\seleniumhq\selenium\selenium-opera-driver\3.141.59\selenium-opera-driver-3.141.59.jar;E:\maven_repository\org\seleniumhq\selenium\selenium-remote-driver\3.141.59\selenium-remote-driver-3.141.59.jar;E:\maven_repository\org\seleniumhq\selenium\selenium-safari-driver\3.141.59\selenium-safari-driver-3.141.59.jar;E:\maven_repository\org\seleniumhq\selenium\selenium-support\3.141.59\selenium-support-3.141.59.jar;E:\maven_repository\org\apache\commons\commons-exec\1.3\commons-exec-1.3.jar;E:\maven_repository\com\google\guava\guava\25.0-jre\guava-25.0-jre.jar;E:\maven_repository\com\google\code\findbugs\jsr305\1.3.9\jsr305-1.3.9.jar;E:\maven_repository\org\checkerframework\checker-compat-qual\2.0.0\checker-compat-qual-2.0.0.jar;E:\maven_repository\com\google\errorprone\error_prone_annotations\2.1.3\error_prone_annotations-2.1.3.jar;E:\maven_repository\com\google\j2objc\j2objc-annotations\1.1\j2objc-annotations-1.1.jar;E:\maven_repository\org\codehaus\mojo\animal-sniffer-annotations\1.14\animal-sniffer-annotations-1.14.jar;E:\maven_repository\com\squareup\okhttp3\okhttp\3.14.9\okhttp-3.14.9.jar;E:\maven_repository\com\squareup\okio\okio\1.14.0\okio-1.14.0.jar;E:\maven_repository\com\github\detro\phantomjsdriver\1.2.0\phantomjsdriver-1.2.0.jar;"/>
    <property name="java.vm.vendor" value="Oracle Corporation"/>
    <property name="sun.arch.data.model" value="64"/>
    <property name="user.variant" value=""/>
    <property name="java.vendor.url" value="http://java.oracle.com/"/>
    <property name="user.timezone" value="Asia/Shanghai"/>
    <property name="java.vm.specification.version" value="1.8"/>
    <property name="os.name" value="Windows 10"/>
    <property name="user.country" value="CN"/>
    <property name="sun.java.launcher" value="SUN_STANDARD"/>
    <property name="sun.boot.library.path" value="C:\Program Files\Java\jdk1.8.0_221\jre\bin"/>
    <property name="sun.java.command" value="C:\Users\27841\AppData\Local\Temp\surefire2659459185549209617\surefirebooter8317960573210983934.jar C:\Users\27841\AppData\Local\Temp\surefire2659459185549209617 2021-05-16T15-58-35_588-jvmRun1 surefire2977317795189787779tmp surefire_01129944171342925230tmp"/>
    <property name="surefire.test.class.path" value="F:\DataSource\target\test-classes;F:\DataSource\target\classes;E:\maven_repository\org\springframework\boot\spring-boot-starter-web\2.4.5\spring-boot-starter-web-2.4.5.jar;E:\maven_repository\org\springframework\boot\spring-boot-starter\2.4.5\spring-boot-starter-2.4.5.jar;E:\maven_repository\org\springframework\boot\spring-boot\2.4.5\spring-boot-2.4.5.jar;E:\maven_repository\org\springframework\boot\spring-boot-autoconfigure\2.4.5\spring-boot-autoconfigure-2.4.5.jar;E:\maven_repository\org\yaml\snakeyaml\1.27\snakeyaml-1.27.jar;E:\maven_repository\org\springframework\boot\spring-boot-starter-json\2.4.5\spring-boot-starter-json-2.4.5.jar;E:\maven_repository\com\fasterxml\jackson\core\jackson-databind\2.11.4\jackson-databind-2.11.4.jar;E:\maven_repository\com\fasterxml\jackson\core\jackson-annotations\2.11.4\jackson-annotations-2.11.4.jar;E:\maven_repository\com\fasterxml\jackson\core\jackson-core\2.11.4\jackson-core-2.11.4.jar;E:\maven_repository\com\fasterxml\jackson\datatype\jackson-datatype-jdk8\2.11.4\jackson-datatype-jdk8-2.11.4.jar;E:\maven_repository\com\fasterxml\jackson\datatype\jackson-datatype-jsr310\2.11.4\jackson-datatype-jsr310-2.11.4.jar;E:\maven_repository\com\fasterxml\jackson\module\jackson-module-parameter-names\2.11.4\jackson-module-parameter-names-2.11.4.jar;E:\maven_repository\org\springframework\spring-web\5.3.6\spring-web-5.3.6.jar;E:\maven_repository\org\springframework\spring-beans\5.3.6\spring-beans-5.3.6.jar;E:\maven_repository\org\springframework\spring-webmvc\5.3.6\spring-webmvc-5.3.6.jar;E:\maven_repository\org\springframework\spring-aop\5.3.6\spring-aop-5.3.6.jar;E:\maven_repository\org\springframework\spring-context\5.3.6\spring-context-5.3.6.jar;E:\maven_repository\org\springframework\spring-expression\5.3.6\spring-expression-5.3.6.jar;E:\maven_repository\org\springframework\boot\spring-boot-starter-test\2.4.5\spring-boot-starter-test-2.4.5.jar;E:\maven_repository\org\springframework\boot\spring-boot-test\2.4.5\spring-boot-test-2.4.5.jar;E:\maven_repository\org\springframework\boot\spring-boot-test-autoconfigure\2.4.5\spring-boot-test-autoconfigure-2.4.5.jar;E:\maven_repository\com\jayway\jsonpath\json-path\2.4.0\json-path-2.4.0.jar;E:\maven_repository\net\minidev\json-smart\2.3\json-smart-2.3.jar;E:\maven_repository\net\minidev\accessors-smart\1.2\accessors-smart-1.2.jar;E:\maven_repository\org\ow2\asm\asm\5.0.4\asm-5.0.4.jar;E:\maven_repository\jakarta\xml\bind\jakarta.xml.bind-api\2.3.3\jakarta.xml.bind-api-2.3.3.jar;E:\maven_repository\jakarta\activation\jakarta.activation-api\1.2.2\jakarta.activation-api-1.2.2.jar;E:\maven_repository\org\assertj\assertj-core\3.18.1\assertj-core-3.18.1.jar;E:\maven_repository\org\hamcrest\hamcrest\2.2\hamcrest-2.2.jar;E:\maven_repository\org\junit\jupiter\junit-jupiter\5.7.1\junit-jupiter-5.7.1.jar;E:\maven_repository\org\junit\jupiter\junit-jupiter-api\5.7.1\junit-jupiter-api-5.7.1.jar;E:\maven_repository\org\apiguardian\apiguardian-api\1.1.0\apiguardian-api-1.1.0.jar;E:\maven_repository\org\opentest4j\opentest4j\1.2.0\opentest4j-1.2.0.jar;E:\maven_repository\org\junit\platform\junit-platform-commons\1.7.1\junit-platform-commons-1.7.1.jar;E:\maven_repository\org\junit\jupiter\junit-jupiter-params\5.7.1\junit-jupiter-params-5.7.1.jar;E:\maven_repository\org\junit\jupiter\junit-jupiter-engine\5.7.1\junit-jupiter-engine-5.7.1.jar;E:\maven_repository\org\junit\platform\junit-platform-engine\1.7.1\junit-platform-engine-1.7.1.jar;E:\maven_repository\org\mockito\mockito-core\3.6.28\mockito-core-3.6.28.jar;E:\maven_repository\net\bytebuddy\byte-buddy\1.10.22\byte-buddy-1.10.22.jar;E:\maven_repository\net\bytebuddy\byte-buddy-agent\1.10.22\byte-buddy-agent-1.10.22.jar;E:\maven_repository\org\objenesis\objenesis\3.1\objenesis-3.1.jar;E:\maven_repository\org\mockito\mockito-junit-jupiter\3.6.28\mockito-junit-jupiter-3.6.28.jar;E:\maven_repository\org\skyscreamer\jsonassert\1.5.0\jsonassert-1.5.0.jar;E:\maven_repository\com\vaadin\external\google\android-json\0.0.20131108.vaadin1\android-json-0.0.20131108.vaadin1.jar;E:\maven_repository\org\springframework\spring-core\5.3.6\spring-core-5.3.6.jar;E:\maven_repository\org\springframework\spring-jcl\5.3.6\spring-jcl-5.3.6.jar;E:\maven_repository\org\springframework\spring-test\5.3.6\spring-test-5.3.6.jar;E:\maven_repository\org\xmlunit\xmlunit-core\2.7.0\xmlunit-core-2.7.0.jar;E:\maven_repository\org\springframework\boot\spring-boot-starter-tomcat\2.4.5\spring-boot-starter-tomcat-2.4.5.jar;E:\maven_repository\jakarta\annotation\jakarta.annotation-api\1.3.5\jakarta.annotation-api-1.3.5.jar;E:\maven_repository\org\apache\tomcat\embed\tomcat-embed-core\9.0.45\tomcat-embed-core-9.0.45.jar;E:\maven_repository\org\glassfish\jakarta.el\3.0.3\jakarta.el-3.0.3.jar;E:\maven_repository\org\apache\tomcat\embed\tomcat-embed-websocket\9.0.45\tomcat-embed-websocket-9.0.45.jar;E:\maven_repository\org\apache\httpcomponents\httpclient\4.5.13\httpclient-4.5.13.jar;E:\maven_repository\org\apache\httpcomponents\httpcore\4.4.14\httpcore-4.4.14.jar;E:\maven_repository\commons-codec\commons-codec\1.15\commons-codec-1.15.jar;E:\maven_repository\commons-io\commons-io\2.6\commons-io-2.6.jar;E:\maven_repository\org\apache\commons\commons-lang3\3.7\commons-lang3-3.7.jar;E:\maven_repository\com\alibaba\fastjson\1.2.76\fastjson-1.2.76.jar;E:\maven_repository\org\jsoup\jsoup\1.13.1\jsoup-1.13.1.jar;E:\maven_repository\us\codecraft\webmagic-core\0.7.3\webmagic-core-0.7.3.jar;E:\maven_repository\us\codecraft\xsoup\0.3.1\xsoup-0.3.1.jar;E:\maven_repository\org\slf4j\slf4j-api\1.7.30\slf4j-api-1.7.30.jar;E:\maven_repository\org\slf4j\slf4j-log4j12\1.7.30\slf4j-log4j12-1.7.30.jar;E:\maven_repository\log4j\log4j\1.2.17\log4j-1.2.17.jar;E:\maven_repository\commons-collections\commons-collections\3.2.2\commons-collections-3.2.2.jar;E:\maven_repository\us\codecraft\webmagic-extension\0.7.3\webmagic-extension-0.7.3.jar;E:\maven_repository\redis\clients\jedis\3.3.0\jedis-3.3.0.jar;E:\maven_repository\org\apache\commons\commons-pool2\2.9.0\commons-pool2-2.9.0.jar;E:\maven_repository\us\codecraft\webmagic-selenium\0.7.3\webmagic-selenium-0.7.3.jar;E:\maven_repository\org\seleniumhq\selenium\selenium-java\3.141.59\selenium-java-3.141.59.jar;E:\maven_repository\org\seleniumhq\selenium\selenium-api\3.141.59\selenium-api-3.141.59.jar;E:\maven_repository\org\seleniumhq\selenium\selenium-chrome-driver\3.141.59\selenium-chrome-driver-3.141.59.jar;E:\maven_repository\org\seleniumhq\selenium\selenium-edge-driver\3.141.59\selenium-edge-driver-3.141.59.jar;E:\maven_repository\org\seleniumhq\selenium\selenium-firefox-driver\3.141.59\selenium-firefox-driver-3.141.59.jar;E:\maven_repository\org\seleniumhq\selenium\selenium-ie-driver\3.141.59\selenium-ie-driver-3.141.59.jar;E:\maven_repository\org\seleniumhq\selenium\selenium-opera-driver\3.141.59\selenium-opera-driver-3.141.59.jar;E:\maven_repository\org\seleniumhq\selenium\selenium-remote-driver\3.141.59\selenium-remote-driver-3.141.59.jar;E:\maven_repository\org\seleniumhq\selenium\selenium-safari-driver\3.141.59\selenium-safari-driver-3.141.59.jar;E:\maven_repository\org\seleniumhq\selenium\selenium-support\3.141.59\selenium-support-3.141.59.jar;E:\maven_repository\org\apache\commons\commons-exec\1.3\commons-exec-1.3.jar;E:\maven_repository\com\google\guava\guava\25.0-jre\guava-25.0-jre.jar;E:\maven_repository\com\google\code\findbugs\jsr305\1.3.9\jsr305-1.3.9.jar;E:\maven_repository\org\checkerframework\checker-compat-qual\2.0.0\checker-compat-qual-2.0.0.jar;E:\maven_repository\com\google\errorprone\error_prone_annotations\2.1.3\error_prone_annotations-2.1.3.jar;E:\maven_repository\com\google\j2objc\j2objc-annotations\1.1\j2objc-annotations-1.1.jar;E:\maven_repository\org\codehaus\mojo\animal-sniffer-annotations\1.14\animal-sniffer-annotations-1.14.jar;E:\maven_repository\com\squareup\okhttp3\okhttp\3.14.9\okhttp-3.14.9.jar;E:\maven_repository\com\squareup\okio\okio\1.14.0\okio-1.14.0.jar;E:\maven_repository\com\github\detro\phantomjsdriver\1.2.0\phantomjsdriver-1.2.0.jar;"/>
    <property name="sun.cpu.endian" value="little"/>
    <property name="user.home" value="C:\Users\27841"/>
    <property name="user.language" value="zh"/>
    <property name="java.specification.vendor" value="Oracle Corporation"/>
    <property name="java.home" value="C:\Program Files\Java\jdk1.8.0_221\jre"/>
    <property name="basedir" value="F:\DataSource"/>
    <property name="file.separator" value="\"/>
    <property name="line.separator" value="&#10;"/>
    <property name="java.vm.specification.vendor" value="Oracle Corporation"/>
    <property name="java.specification.name" value="Java Platform API Specification"/>
    <property name="java.awt.graphicsenv" value="sun.awt.Win32GraphicsEnvironment"/>
    <property name="surefire.real.class.path" value="C:\Users\27841\AppData\Local\Temp\surefire2659459185549209617\surefirebooter8317960573210983934.jar"/>
    <property name="sun.boot.class.path" value="C:\Program Files\Java\jdk1.8.0_221\jre\lib\resources.jar;C:\Program Files\Java\jdk1.8.0_221\jre\lib\rt.jar;C:\Program Files\Java\jdk1.8.0_221\jre\lib\sunrsasign.jar;C:\Program Files\Java\jdk1.8.0_221\jre\lib\jsse.jar;C:\Program Files\Java\jdk1.8.0_221\jre\lib\jce.jar;C:\Program Files\Java\jdk1.8.0_221\jre\lib\charsets.jar;C:\Program Files\Java\jdk1.8.0_221\jre\lib\jfr.jar;C:\Program Files\Java\jdk1.8.0_221\jre\classes"/>
    <property name="user.script" value=""/>
    <property name="sun.management.compiler" value="HotSpot 64-Bit Tiered Compilers"/>
    <property name="java.runtime.version" value="1.8.0_221-b11"/>
    <property name="user.name" value="27841"/>
    <property name="path.separator" value=";"/>
    <property name="os.version" value="10.0"/>
    <property name="java.endorsed.dirs" value="C:\Program Files\Java\jdk1.8.0_221\jre\lib\endorsed"/>
    <property name="java.runtime.name" value="Java(TM) SE Runtime Environment"/>
    <property name="file.encoding" value="GBK"/>
    <property name="java.vm.name" value="Java HotSpot(TM) 64-Bit Server VM"/>
    <property name="localRepository" value="E:\maven_repository"/>
    <property name="java.vendor.url.bug" value="http://bugreport.sun.com/bugreport/"/>
    <property name="java.io.tmpdir" value="C:\Users\27841\AppData\Local\Temp\"/>
    <property name="java.version" value="1.8.0_221"/>
    <property name="user.dir" value="F:\DataSource"/>
    <property name="os.arch" value="amd64"/>
    <property name="java.vm.specification.name" value="Java Virtual Machine Specification"/>
    <property name="java.awt.printerjob" value="sun.awt.windows.WPrinterJob"/>
    <property name="sun.os.patch.level" value=""/>
    <property name="idea.version2019.3.3" value="true"/>
    <property name="java.library.path" value="C:\Program Files\Java\jdk1.8.0_221\jre\bin;C:\Windows\Sun\Java\bin;C:\Windows\system32;C:\Windows;C:\Program Files (x86)\Common Files\Intel\Shared Files\cpp\bin\Intel64;C:\Program Files\Java\jdk1.8.0_221\bin;C:\Program Files\Java\jdk1.8.0_221\jre\bin;C:\Program Files\Java\jdk1.8.0_221\bin;C:\Program Files (x86)\Common Files\Oracle\Java\javapath;C:\Windows\system32;C:\Windows;C:\Windows\System32\Wbem;C:\Windows\System32\WindowsPowerShell\v1.0\;C:\Windows\System32\OpenSSH\;C:\Program Files\dotnet\;G:\apache-maven-3.6.3\bin;G:\apache-maven-3.6.3\bin;E:\Python37;E:\Python37\Scripts;F:\BtSoft\panel\script;E:\Git\cmd;C:\Program Files\MySQL\MySQL Shell 8.0\bin\;C:\Users\27841\AppData\Local\Microsoft\WindowsApps;;C:\Program Files\JetBrains\WebStorm 2020.1.2\bin;;G:\IDEA 2019.3.3\IntelliJ IDEA 2019.3.3\bin;;G:\PyCharm 2019.3.3\bin;;."/>
    <property name="java.vm.info" value="mixed mode"/>
    <property name="java.vendor" value="Oracle Corporation"/>
    <property name="java.vm.version" value="25.221-b11"/>
    <property name="java.ext.dirs" value="C:\Program Files\Java\jdk1.8.0_221\jre\lib\ext;C:\Windows\Sun\Java\lib\ext"/>
    <property name="sun.io.unicode.encoding" value="UnicodeLittle"/>
    <property name="java.class.version" value="52.0"/>
  </properties>
  <testcase name="contextLoads" classname="com.DemoApplicationTests" time="0.719"/>
</testsuite>